Arguments: 
  C:\Program Files\nodejs\node.exe C:\Users\jose3.martinez\AppData\Roaming\npm\node_modules\yarn\bin\yarn.js add cypress@3.1.5

PATH: 
  C:\Users\jose3.martinez\AppData\Local\Programs\Git\mingw64\bin;C:\Users\jose3.martinez\AppData\Local\Programs\Git\usr\bin;C:\Users\jose3.martinez\bin;C:\Program Files (x86)\Common Files\Oracle\Java\javapath;C:\Program Files\Teradata\Client\16.20\bin;C:\Program Files (x86)\Teradata\Client\16.20\bin;C:\ProgramData\Oracle\Java\javapath;C:\WINDOWS\system32;C:\WINDOWS;C:\WINDOWS\System32\Wbem;C:\WINDOWS\System32\WindowsPowerShell\v1.0;C:\WINDOWS\System32\OpenSSH;C:\Program Files (x86)\Sennheiser\SoftphoneSDK;C:\Program Files (x86)\NVIDIA Corporation\PhysX\Common;C:\Program Files (x86)\Microsoft SQL Server\Client SDK\ODBC\130\Tools\Binn;C:\Program Files (x86)\Microsoft SQL Server\140\Tools\Binn;C:\Program Files (x86)\Microsoft SQL Server\140\DTS\Binn;C:\Program Files (x86)\Microsoft SQL Server\140\Tools\Binn\ManagementStudio;C:\Program Files\PuTTY;C:\Program Files (x86)\Java\jre1.8.0_77\bin;C:\Program Files\Java\jre1.8.0_202\bin;C:\Program Files\PowerShell\7-preview\preview;C:\Program Files\nodejs;C:\Program Files\PowerShell\7;C:\Users\jose3.martinez\AppData\Local\Microsoft\WindowsApps;C:\Users\jose3.martinez\AppData\Local\GitHubDesktop\bin;C:\Users\jose3.martinez\AppData\Local\Programs\Git\cmd;C:\Users\jose3.martinez\AppData\Local\JetBrains\Toolbox\scripts;C:\Users\jose3.martinez\AppData\Roaming\npm;C:\Users\jose3.martinez\IdeaProjects\beacon-retail-wireless\node_modules\.bin

Yarn version: 
  1.22.19

Node version: 
  16.18.0

Platform: 
  win32 x64

Trace: 
  Error: unable to get local issuer certificate
      at TLSSocket.onConnectSecure (node:_tls_wrap:1539:34)
      at TLSSocket.emit (node:events:513:28)
      at TLSSocket._finishInit (node:_tls_wrap:953:8)
      at TLSWrap.ssl.onhandshakedone (node:_tls_wrap:734:12)

npm manifest: 
  {
    "name": "e2e-testing-1",
    "version": "1.0.0",
    "description": "",
    "main": "index.js",
    "scripts": {
      "test": "echo \"Error: no test specified\" && exit 1"
    },
    "keywords": [],
    "author": "",
    "license": "ISC"
  }

yarn manifest: 
  No manifest

Lockfile: 
  # THIS IS AN AUTOGENERATED FILE. DO NOT EDIT THIS FILE DIRECTLY.
  # yarn lockfile v1
